<?xml version="1.0" encoding="UTF-8"?>
<!-- Generated by org.testng.reporters.JUnitReportReporter -->
<testsuite hostname="JA-AUTO-08" name="com.flipkart.tests.SampleTest" tests="1" failures="0" timestamp="17 Oct 2017 09:56:24 GMT" time="51.857" errors="0">
  <testcase name="searchResultValidation" time="51.857" classname="com.flipkart.tests.SampleTest"/>
</testsuite> <!-- com.flipkart.tests.SampleTest -->
